<?xml version="1.0" encoding="UTF-8"?>
<!-- Generated by org.testng.reporters.JUnitReportReporter -->
<testsuite hostname="LAPTOP-ELCVUVJ6" failures="0" tests="1" name="com.prach_project.testcases.TC_women_001test" time="25.193" errors="0" timestamp="2024-02-28T22:54:28 IST" skipped="0">
  <testcase classname="com.prach_project.testcases.TC_women_001test" name="verifyWomenProductIsSelecting" time="25.193"/>
</testsuite> <!-- com.prach_project.testcases.TC_women_001test -->
