<?xml version="1.0" encoding="UTF-8"?>
<!-- Generated by org.testng.reporters.JUnitReportReporter -->
<testsuite hostname="LAPTOP-ELCVUVJ6" failures="0" tests="3" name="com.prach_project.testcases.TCIndexpage01" time="6.097" errors="0" timestamp="2024-03-03T16:17:43 IST" skipped="0">
  <testcase classname="com.prach_project.testcases.TCIndexpage01" name="launchTC" time="1.461"/>
  <testcase classname="com.prach_project.testcases.TCIndexpage01" name="TC2" time="0.825"/>
  <testcase classname="com.prach_project.testcases.TCIndexpage01" name="TC3" time="3.811"/>
</testsuite> <!-- com.prach_project.testcases.TCIndexpage01 -->
