<?xml version="1.0" encoding="UTF-8"?>
<!-- Generated by org.testng.reporters.JUnitReportReporter -->
<testsuite hostname="LAPTOP-ELCVUVJ6" failures="0" tests="1" name="com.prach_project.testcases.TCIndexpage01" time="3.920" errors="0" timestamp="2024-03-19T18:50:55 IST" skipped="0">
  <testcase classname="com.prach_project.testcases.TCIndexpage01" name="launchTC" time="3.920"/>
</testsuite> <!-- com.prach_project.testcases.TCIndexpage01 -->
