<?xml version="1.0" encoding="UTF-8"?>
<!-- Generated by org.testng.reporters.JUnitReportReporter -->
<testsuite hostname="LAPTOP-ELCVUVJ6" failures="0" tests="1" name="com.prach_project.testcases.TC_women_002" time="6.957" errors="0" timestamp="2024-03-03T10:04:04 IST" skipped="0">
  <testcase classname="com.prach_project.testcases.TC_women_002" name="verifyWomenTopIsSelecting" time="6.957"/>
</testsuite> <!-- com.prach_project.testcases.TC_women_002 -->
