<?xml version="1.0" encoding="UTF-8"?>
<!-- Generated by org.testng.reporters.JUnitReportReporter -->
<testsuite hostname="LAPTOP-ELCVUVJ6" failures="0" tests="1" name="com.prach_project.pageobject.Eveningdressespage" time="37.164" errors="0" timestamp="2024-02-11T12:49:13 IST" skipped="0">
  <testcase classname="com.prach_project.pageobject.Eveningdressespage" name="selectTheEveningDresses" time="37.164"/>
</testsuite> <!-- com.prach_project.pageobject.Eveningdressespage -->
