<?xml version="1.0" encoding="UTF-8"?>
<!-- Generated by org.testng.reporters.JUnitReportReporter -->
<testsuite hostname="LAPTOP-ELCVUVJ6" failures="0" tests="1" name="com.prach_project.testcases.ParalleltestingTC01" time="16.968" errors="0" timestamp="2024-03-03T16:17:43 IST" skipped="0">
  <testcase classname="com.prach_project.testcases.ParalleltestingTC01" name="verifyWomenProductIsSelecting" time="16.968"/>
</testsuite> <!-- com.prach_project.testcases.ParalleltestingTC01 -->
