<?xml version="1.0" encoding="UTF-8"?>
<!-- Generated by org.testng.reporters.JUnitReportReporter -->
<testsuite hostname="LAPTOP-ELCVUVJ6" failures="0" tests="1" name="com.prach_project.testcases.TC_women_001" time="18.135" errors="0" timestamp="2024-03-01T08:26:09 IST" skipped="0">
  <testcase classname="com.prach_project.testcases.TC_women_001" name="verifyWomenProductIsSelecting" time="18.135"/>
</testsuite> <!-- com.prach_project.testcases.TC_women_001 -->
