<?xml version="1.0" encoding="UTF-8"?>
<!-- Generated by org.testng.reporters.JUnitReportReporter -->
<testsuite hostname="LAPTOP-ELCVUVJ6" failures="0" tests="1" name="com.prach_project.testcases.TCSignin04" time="3.758" errors="0" timestamp="2024-03-01T07:53:52 IST" skipped="0">
  <testcase classname="com.prach_project.testcases.TCSignin04" name="signInScenario" time="3.758"/>
</testsuite> <!-- com.prach_project.testcases.TCSignin04 -->
